Using pre-set license
Built from '2020.3/staging' branch; Version is '2020.3.30f1 (1fb1bf06830e) revision 2077119'; Using compiler version '192528614'; Build Type 'Release'
OS: 'Windows 10  (10.0.19043) 64bit Professional' Language: 'ko' Physical Memory: 32703 MB
BatchMode: 1, IsHumanControllingUs: 0, StartBugReporterOnCrash: 0, Is64bit: 1, IsPro: 0

COMMAND LINE ARGUMENTS:
C:\Program Files\Unity\Hub\Editor\2020.3.30f1\Editor\Unity.exe
-adb2
-batchMode
-noUpm
-name
AssetImportWorker0
-projectPath
D:/Jeong/Git/works/Unity/Zombie-Survivor/UnityProject/ZombieSurvivor
-logFile
Logs/AssetImportWorker0.log
-srvPort
6386
Successfully changed project path to: D:/Jeong/Git/works/Unity/Zombie-Survivor/UnityProject/ZombieSurvivor
D:/Jeong/Git/works/Unity/Zombie-Survivor/UnityProject/ZombieSurvivor
Using Asset Import Pipeline V2.
Refreshing native plugins compatible for Editor in 45.51 ms, found 3 plugins.
Preloading 0 native plugins for Editor in 0.00 ms.
Initialize engine version: 2020.3.30f1 (1fb1bf06830e)
[Subsystems] Discovering subsystems at path C:/Program Files/Unity/Hub/Editor/2020.3.30f1/Editor/Data/Resources/UnitySubsystems
[Subsystems] Discovering subsystems at path D:/Jeong/Git/works/Unity/Zombie-Survivor/UnityProject/ZombieSurvivor/Assets
GfxDevice: creating device client; threaded=0
Direct3D:
    Version:  Direct3D 11.0 [level 11.1]
    Renderer: NVIDIA GeForce GTX 1070 Ti (ID=0x1b82)
    Vendor:   
    VRAM:     8079 MB
    Driver:   30.0.14.7141
Initialize mono
Mono path[0] = 'C:/Program Files/Unity/Hub/Editor/2020.3.30f1/Editor/Data/Managed'
Mono path[1] = 'C:/Program Files/Unity/Hub/Editor/2020.3.30f1/Editor/Data/MonoBleedingEdge/lib/mono/unityjit'
Mono config path = 'C:/Program Files/Unity/Hub/Editor/2020.3.30f1/Editor/Data/MonoBleedingEdge/etc'
Using monoOptions --debugger-agent=transport=dt_socket,embedding=1,server=y,suspend=n,address=127.0.0.1:56208
Begin MonoManager ReloadAssembly
Registering precompiled unity dll's ...
Register platform support module: C:/Program Files/Unity/Hub/Editor/2020.3.30f1/Editor/Data/PlaybackEngines/WindowsStandaloneSupport/UnityEditor.WindowsStandalone.Extensions.dll
Registered in 0.002218 seconds.
Native extension for WindowsStandalone target not found
Refreshing native plugins compatible for Editor in 47.16 ms, found 3 plugins.
Preloading 0 native plugins for Editor in 0.00 ms.
Mono: successfully reloaded assembly
- Completed reload, in  0.662 seconds
Domain Reload Profiling:
	ReloadAssembly (663ms)
		BeginReloadAssembly (77ms)
			ExecutionOrderSort (0ms)
			DisableScriptedObjects (0ms)
			BackupInstance (0ms)
			ReleaseScriptingObjects (0ms)
			CreateAndSetChildDomain (1ms)
		EndReloadAssembly (502ms)
			LoadAssemblies (74ms)
			RebuildTransferFunctionScriptingTraits (0ms)
			SetupTypeCache (164ms)
			ReleaseScriptCaches (0ms)
			RebuildScriptCaches (39ms)
			SetupLoadedEditorAssemblies (184ms)
				LogAssemblyErrors (0ms)
				InitializePlatformSupportModulesInManaged (5ms)
				SetLoadedEditorAssemblies (0ms)
				RefreshPlugins (47ms)
				BeforeProcessingInitializeOnLoad (18ms)
				ProcessInitializeOnLoadAttributes (84ms)
				ProcessInitializeOnLoadMethodAttributes (29ms)
				AfterProcessingInitializeOnLoad (0ms)
				EditorAssembliesLoaded (0ms)
			ExecutionOrderSort2 (0ms)
			AwakeInstancesAfterBackupRestoration (0ms)
Platform modules already initialized, skipping
Registering precompiled user dll's ...
Registered in 0.002438 seconds.
Begin MonoManager ReloadAssembly
Native extension for WindowsStandalone target not found
Refreshing native plugins compatible for Editor in 45.49 ms, found 3 plugins.
Preloading 0 native plugins for Editor in 0.00 ms.
Mono: successfully reloaded assembly
- Completed reload, in  1.325 seconds
Domain Reload Profiling:
	ReloadAssembly (1326ms)
		BeginReloadAssembly (160ms)
			ExecutionOrderSort (0ms)
			DisableScriptedObjects (5ms)
			BackupInstance (0ms)
			ReleaseScriptingObjects (0ms)
			CreateAndSetChildDomain (18ms)
		EndReloadAssembly (1104ms)
			LoadAssemblies (105ms)
			RebuildTransferFunctionScriptingTraits (0ms)
			SetupTypeCache (447ms)
			ReleaseScriptCaches (0ms)
			RebuildScriptCaches (56ms)
			SetupLoadedEditorAssemblies (375ms)
				LogAssemblyErrors (0ms)
				InitializePlatformSupportModulesInManaged (4ms)
				SetLoadedEditorAssemblies (0ms)
				RefreshPlugins (46ms)
				BeforeProcessingInitializeOnLoad (92ms)
				ProcessInitializeOnLoadAttributes (208ms)
				ProcessInitializeOnLoadMethodAttributes (18ms)
				AfterProcessingInitializeOnLoad (7ms)
				EditorAssembliesLoaded (0ms)
			ExecutionOrderSort2 (0ms)
			AwakeInstancesAfterBackupRestoration (7ms)
Platform modules already initialized, skipping
========================================================================
Worker process is ready to serve import requests
Launched and connected shader compiler UnityShaderCompiler.exe after 0.10 seconds
Refreshing native plugins compatible for Editor in 0.55 ms, found 3 plugins.
Preloading 0 native plugins for Editor in 0.00 ms.
Unloading 2226 Unused Serialized files (Serialized files now loaded: 0)
System memory in use before: 98.8 MB.
System memory in use after: 98.7 MB.

Unloading 31 unused Assets to reduce memory usage. Loaded Objects now: 2658.
Total: 2.904800 ms (FindLiveObjects: 0.167000 ms CreateObjectMapping: 0.108400 ms MarkObjects: 2.495500 ms  DeleteObjects: 0.133000 ms)

AssetImportParameters requested are different than current active one (requested -> active):
  custom:framework-win-MediaFoundation: 216162199b28c13a410421893ffa2e32 -> 
  custom:video-decoder-ogg-theora: a1e56fd34408186e4bbccfd4996cb3dc -> 
  custom:container-muxer-webm: aa71ff27fc2769a1b78a27578f13a17b -> 
  custom:container-demuxer-webm: 4f35f7cbe854078d1ac9338744f61a02 -> 
  custom:container-demuxer-ogg: 62fdf1f143b41e24485cea50d1cbac27 -> 
  custom:video-encoder-webm-vp8: eb34c28f22e8b96e1ab97ce403110664 -> 
  custom:video-decoder-webm-vp8: 9c59270c3fd7afecdb556c50c9e8de78 -> 
  custom:audio-decoder-ogg-vorbis: bf7c407c2cedff20999df2af8eb42d56 -> 
  custom:audio-encoder-webm-vorbis: bf7c407c2cedff20999df2af8eb42d56 -> 
========================================================================
Received Import Request.
  path: Assets/Prototype/DummyImage/Circle.png
  artifactKey: Guid(c2e10e8f6c71a3e4b890caa4bda88fdb) Importer(815301076,1909f56bfc062723c751e8b465ee728b)
Start importing Assets/Prototype/DummyImage/Circle.png using Guid(c2e10e8f6c71a3e4b890caa4bda88fdb) Importer(815301076,1909f56bfc062723c751e8b465ee728b)  -> (artifact id: '607f370b2605f38f2cabee056c595803') in 0.156214 seconds 
========================================================================
Received Import Request.
  Time since last request: 0.000287 seconds.
  path: Assets/Prototype/DummyImage/Boom.png
  artifactKey: Guid(be2a560875479324896b685e5a1b168b) Importer(815301076,1909f56bfc062723c751e8b465ee728b)
Start importing Assets/Prototype/DummyImage/Boom.png using Guid(be2a560875479324896b685e5a1b168b) Importer(815301076,1909f56bfc062723c751e8b465ee728b)  -> (artifact id: '28d99527ffda33ba7a9797802e59488c') in 0.014259 seconds 
========================================================================
Received Import Request.
  Time since last request: 0.001045 seconds.
  path: Assets/Prototype/DummyImage/Bullet.png
  artifactKey: Guid(9ba739e7c4b865341821d21df491f8f6) Importer(815301076,1909f56bfc062723c751e8b465ee728b)
Start importing Assets/Prototype/DummyImage/Bullet.png using Guid(9ba739e7c4b865341821d21df491f8f6) Importer(815301076,1909f56bfc062723c751e8b465ee728b)  -> (artifact id: '85ca48c32d3e82fa7871426fde67f4c3') in 0.015324 seconds 
========================================================================
Received Import Request.
  Time since last request: 0.000302 seconds.
  path: Assets/Prototype/DummyImage/Square.png
  artifactKey: Guid(84f510714aca64740913e41fdcaec1d6) Importer(815301076,1909f56bfc062723c751e8b465ee728b)
Start importing Assets/Prototype/DummyImage/Square.png using Guid(84f510714aca64740913e41fdcaec1d6) Importer(815301076,1909f56bfc062723c751e8b465ee728b)  -> (artifact id: 'c48eb97991773432e94467c475dff1b0') in 0.017875 seconds 
========================================================================
Received Import Request.
  Time since last request: 0.000236 seconds.
  path: Assets/Prototype/DummyImage/Health.png
  artifactKey: Guid(9f3a150b36d71e24795e347ec3fa5873) Importer(815301076,1909f56bfc062723c751e8b465ee728b)
Start importing Assets/Prototype/DummyImage/Health.png using Guid(9f3a150b36d71e24795e347ec3fa5873) Importer(815301076,1909f56bfc062723c751e8b465ee728b)  -> (artifact id: 'f8be0a09d8b9a4f153ba939f1a1dfb87') in 0.014637 seconds 
========================================================================
Received Import Request.
  Time since last request: 1379.789696 seconds.
  path: Assets/Scenes/SampleScene.unity
  artifactKey: Guid(2cda990e2423bbf4892e6590ba056729) Importer(815301076,1909f56bfc062723c751e8b465ee728b)
Start importing Assets/Scenes/SampleScene.unity using Guid(2cda990e2423bbf4892e6590ba056729) Importer(815301076,1909f56bfc062723c751e8b465ee728b)  -> (artifact id: '53c07a5cf59807718d3cfc8e1db12752') in 0.008689 seconds 
========================================================================
Received Import Request.
  Time since last request: 1.043498 seconds.
  path: Assets/Scenes/SampleScene 1.unity
  artifactKey: Guid(fc189b02154a99f45aa836ae755f9d3c) Importer(815301076,1909f56bfc062723c751e8b465ee728b)
Start importing Assets/Scenes/SampleScene 1.unity using Guid(fc189b02154a99f45aa836ae755f9d3c) Importer(815301076,1909f56bfc062723c751e8b465ee728b)  -> (artifact id: 'babebb8d54c5529bd28b2d6007d469d4') in 0.007473 seconds 
========================================================================
Received Import Request.
  Time since last request: 12.556729 seconds.
  path: Assets/Scenes/JeongWork.unity
  artifactKey: Guid(fc189b02154a99f45aa836ae755f9d3c) Importer(815301076,1909f56bfc062723c751e8b465ee728b)
Start importing Assets/Scenes/JeongWork.unity using Guid(fc189b02154a99f45aa836ae755f9d3c) Importer(815301076,1909f56bfc062723c751e8b465ee728b)  -> (artifact id: '2fe2095ae44f9fce253d5d699d8b36e1') in 0.009769 seconds 
